This is pdfTeX, Version 3.141592653-2.6-1.40.25 (TeX Live 2023) (preloaded format=pdflatex 2024.1.24)  15 FEB 2024 18:39
entering extended mode
 restricted \write18 enabled.
 %&-line parsing enabled.
**draft_paper.tex
(./draft_paper.tex
LaTeX2e <2023-11-01> patch level 1
L3 programming layer <2024-01-22>
(/Users/theresaszczepanski/Library/TinyTeX/texmf-dist/tex/latex/base/article.cls
Document Class: article 2023/05/17 v1.4n Standard LaTeX document class
(/Users/theresaszczepanski/Library/TinyTeX/texmf-dist/tex/latex/base/size12.clo
File: size12.clo 2023/05/17 v1.4n Standard LaTeX file (size option)
)
\c@part=\count187
\c@section=\count188
\c@subsection=\count189
\c@subsubsection=\count190
\c@paragraph=\count191
\c@subparagraph=\count192
\c@figure=\count193
\c@table=\count194
\abovecaptionskip=\skip48
\belowcaptionskip=\skip49
\bibindent=\dimen140
) (/Users/theresaszczepanski/Library/TinyTeX/texmf-dist/tex/latex/apacite/apacite.sty
Package: apacite 2013/07/21 v6.03 APA citation
\c@BibCnt=\count195
\bibleftmargin=\skip50
\bibindent=\skip51
\bibparsep=\skip52
\bibitemsep=\skip53
\biblabelsep=\skip54
) (/Users/theresaszczepanski/Library/TinyTeX/texmf-dist/tex/latex/natbib/natbib.sty
Package: natbib 2010/09/13 8.31b (PWD, AO)
\bibhang=\skip55
\bibsep=\skip56
LaTeX Info: Redefining \cite on input line 694.
\c@NAT@ctr=\count196
)
LaTeX Info: Redefining \BBA on input line 8.
 (/Library/Frameworks/R.framework/Resources/share/texmf/tex/latex/Sweave.sty
Package: Sweave 
 (/Users/theresaszczepanski/Library/TinyTeX/texmf-dist/tex/latex/base/ifthen.sty
Package: ifthen 2022/04/13 v1.1d Standard LaTeX ifthen package (DPC)
) (/Users/theresaszczepanski/Library/TinyTeX/texmf-dist/tex/generic/iftex/iftex.sty
Package: iftex 2022/02/03 v1.0f TeX engine tests
) (/Users/theresaszczepanski/Library/TinyTeX/texmf-dist/tex/latex/graphics/graphicx.sty
Package: graphicx 2021/09/16 v1.2d Enhanced LaTeX Graphics (DPC,SPQR)
 (/Users/theresaszczepanski/Library/TinyTeX/texmf-dist/tex/latex/graphics/keyval.sty
Package: keyval 2022/05/29 v1.15 key=value parser (DPC)
\KV@toks@=\toks17
) (/Users/theresaszczepanski/Library/TinyTeX/texmf-dist/tex/latex/graphics/graphics.sty
Package: graphics 2022/03/10 v1.4e Standard LaTeX Graphics (DPC,SPQR)
 (/Users/theresaszczepanski/Library/TinyTeX/texmf-dist/tex/latex/graphics/trig.sty
Package: trig 2021/08/11 v1.11 sin cos tan (DPC)
) (/Users/theresaszczepanski/Library/TinyTeX/texmf-dist/tex/latex/graphics-cfg/graphics.cfg
File: graphics.cfg 2016/06/04 v1.11 sample graphics configuration
)
Package graphics Info: Driver file: pdftex.def on input line 107.
 (/Users/theresaszczepanski/Library/TinyTeX/texmf-dist/tex/latex/graphics-def/pdftex.def
File: pdftex.def 2022/09/22 v1.2b Graphics/color driver for pdftex
))
\Gin@req@height=\dimen141
\Gin@req@width=\dimen142
) (/Users/theresaszczepanski/Library/TinyTeX/texmf-dist/tex/latex/fancyvrb/fancyvrb.sty
Package: fancyvrb 2024/01/20 4.5c verbatim text (tvz,hv)
\FV@CodeLineNo=\count197
\FV@InFile=\read2
\FV@TabBox=\box51
\c@FancyVerbLine=\count198
\FV@StepNumber=\count199
\FV@OutFile=\write3
) (/Users/theresaszczepanski/Library/TinyTeX/texmf-dist/tex/latex/base/textcomp.sty
Package: textcomp 2020/02/02 v2.0n Standard LaTeX package
) (/Users/theresaszczepanski/Library/TinyTeX/texmf-dist/tex/latex/base/fontenc.sty
Package: fontenc 2021/04/29 v2.0v Standard LaTeX package
)) (/Users/theresaszczepanski/Library/TinyTeX/texmf-dist/tex/latex/l3backend/l3backend-pdftex.def
File: l3backend-pdftex.def 2024-01-04 L3 backend support: PDF output (pdfTeX)
\l__color_backend_stack_int=\count266
\l__pdf_internal_box=\box52
) (./draft_paper.aux)
\openout1 = `draft_paper.aux'.

LaTeX Font Info:    Checking defaults for OML/cmm/m/it on input line 10.
LaTeX Font Info:    ... okay on input line 10.
LaTeX Font Info:    Checking defaults for OMS/cmsy/m/n on input line 10.
LaTeX Font Info:    ... okay on input line 10.
LaTeX Font Info:    Checking defaults for OT1/cmr/m/n on input line 10.
LaTeX Font Info:    ... okay on input line 10.
LaTeX Font Info:    Checking defaults for T1/cmr/m/n on input line 10.
LaTeX Font Info:    ... okay on input line 10.
LaTeX Font Info:    Checking defaults for TS1/cmr/m/n on input line 10.
LaTeX Font Info:    ... okay on input line 10.
LaTeX Font Info:    Checking defaults for OMX/cmex/m/n on input line 10.
LaTeX Font Info:    ... okay on input line 10.
LaTeX Font Info:    Checking defaults for U/cmr/m/n on input line 10.
LaTeX Font Info:    ... okay on input line 10.
\c@maskedRefs=\count267
 (/Users/theresaszczepanski/Library/TinyTeX/texmf-dist/tex/latex/apacite/english.apc
File: english.apc 2013/07/21 v6.03 apacite language file
LaTeX Info: Redefining \BPBI on input line 129.
LaTeX Info: Redefining \BHBI on input line 130.
) (/Users/theresaszczepanski/Library/TinyTeX/texmf-dist/tex/latex/epstopdf-pkg/epstopdf-base.sty
Package: epstopdf-base 2020-01-24 v2.11 Base part for package epstopdf
 (/Users/theresaszczepanski/Library/TinyTeX/texmf-dist/tex/generic/infwarerr/infwarerr.sty
Package: infwarerr 2019/12/03 v1.5 Providing info/warning/error messages (HO)
) (/Users/theresaszczepanski/Library/TinyTeX/texmf-dist/tex/latex/grfext/grfext.sty
Package: grfext 2019/12/03 v1.3 Manage graphics extensions (HO)
 (/Users/theresaszczepanski/Library/TinyTeX/texmf-dist/tex/generic/kvdefinekeys/kvdefinekeys.sty
Package: kvdefinekeys 2019-12-19 v1.6 Define keys (HO)
)) (/Users/theresaszczepanski/Library/TinyTeX/texmf-dist/tex/latex/kvoptions/kvoptions.sty
Package: kvoptions 2022-06-15 v3.15 Key value format for package options (HO)
 (/Users/theresaszczepanski/Library/TinyTeX/texmf-dist/tex/generic/ltxcmds/ltxcmds.sty
Package: ltxcmds 2023-12-04 v1.26 LaTeX kernel commands for general use (HO)
) (/Users/theresaszczepanski/Library/TinyTeX/texmf-dist/tex/latex/kvsetkeys/kvsetkeys.sty
Package: kvsetkeys 2022-10-05 v1.19 Key value parser (HO)
)) (/Users/theresaszczepanski/Library/TinyTeX/texmf-dist/tex/generic/pdftexcmds/pdftexcmds.sty
Package: pdftexcmds 2020-06-27 v0.33 Utility functions of pdfTeX for LuaTeX (HO)
Package pdftexcmds Info: \pdf@primitive is available.
Package pdftexcmds Info: \pdf@ifprimitive is available.
Package pdftexcmds Info: \pdfdraftmode found.
)
Package epstopdf-base Info: Redefining graphics rule for `.eps' on input line 485.
Package grfext Info: Graphics extension search list:
(grfext)             [.pdf,.png,.jpg,.mps,.jpeg,.jbig2,.jb2,.PDF,.PNG,.JPG,.JPEG,.JBIG2,.JB2,.eps]
(grfext)             \AppendGraphicsExtensions on input line 504.
 (/Users/theresaszczepanski/Library/TinyTeX/texmf-dist/tex/latex/latexconfig/epstopdf-sys.cfg
File: epstopdf-sys.cfg 2010/07/13 v1.3 Configuration of (r)epstopdf for TeX Live
)) (./draft_paper-concordance.tex)
LaTeX Font Info:    External font `cmex10' loaded for size
(Font)              <14.4> on input line 13.
LaTeX Font Info:    External font `cmex10' loaded for size
(Font)              <7> on input line 13.
LaTeX Font Info:    Trying to load font information for T1+cmtt on input line 13.
 (/Users/theresaszczepanski/Library/TinyTeX/texmf-dist/tex/latex/base/t1cmtt.fd
File: t1cmtt.fd 2023/04/13 v2.5m Standard LaTeX font definitions
) [1

{/Users/theresaszczepanski/Library/TinyTeX/texmf-var/fonts/map/pdftex/updmap/pdftex.map}]
LaTeX Font Info:    External font `cmex10' loaded for size
(Font)              <12> on input line 24.
LaTeX Font Info:    External font `cmex10' loaded for size
(Font)              <8> on input line 24.
LaTeX Font Info:    External font `cmex10' loaded for size
(Font)              <6> on input line 24.
LaTeX Font Info:    External font `cmex10' loaded for size
(Font)              <5> on input line 24.
<draft_paper-theDeli_1.pdf, id=13, 433.62pt x 433.62pt>
File: draft_paper-theDeli_1.pdf Graphic file (type pdf)
<use draft_paper-theDeli_1.pdf>
Package pdftex.def Info: draft_paper-theDeli_1.pdf  used on input line 32.
(pdftex.def)             Requested size: 312.00119pt x 312.01428pt.
<draft_paper-theDeli_2.pdf, id=14, 433.62pt x 433.62pt>
File: draft_paper-theDeli_2.pdf Graphic file (type pdf)
<use draft_paper-theDeli_2.pdf>
Package pdftex.def Info: draft_paper-theDeli_2.pdf  used on input line 41.
(pdftex.def)             Requested size: 312.00119pt x 312.01428pt.


LaTeX Warning: `h' float specifier changed to `ht'.

<draft_paper-theDeli_3.pdf, id=15, 433.62pt x 433.62pt>
File: draft_paper-theDeli_3.pdf Graphic file (type pdf)
<use draft_paper-theDeli_3.pdf>
Package pdftex.def Info: draft_paper-theDeli_3.pdf  used on input line 53.
(pdftex.def)             Requested size: 312.00119pt x 312.01428pt.
[2 <./draft_paper-theDeli_1.pdf>]

LaTeX Warning: `h' float specifier changed to `ht'.

<draft_paper-theDeli_4.pdf, id=29, 433.62pt x 433.62pt>
File: draft_paper-theDeli_4.pdf Graphic file (type pdf)
<use draft_paper-theDeli_4.pdf>
Package pdftex.def Info: draft_paper-theDeli_4.pdf  used on input line 68.
(pdftex.def)             Requested size: 312.00119pt x 312.01428pt.

LaTeX Warning: `h' float specifier changed to `ht'.

(./draft_paper.bbl [3 <./draft_paper-theDeli_2.pdf>]) [4 <./draft_paper-theDeli_3.pdf>] [5 <./draft_paper-theDeli_4.pdf>] (./draft_paper.aux)
 ***********
LaTeX2e <2023-11-01> patch level 1
L3 programming layer <2024-01-22>
 ***********
 ) 
Here is how much of TeX's memory you used:
 3206 strings out of 476162
 53226 string characters out of 5792593
 1926975 words of memory out of 5000000
 25176 multiletter control sequences out of 15000+600000
 571186 words of font info for 61 fonts, out of 8000000 for 9000
 14 hyphenation exceptions out of 8191
 72i,9n,79p,429b,304s stack positions out of 10000i,1000n,20000p,200000b,200000s
 </Users/theresaszczepanski/Library/TinyTeX/texmf-var/fonts/pk/ljfour/jknappen/ec/ecti1200.600pk> </Users/theresaszczepanski/Library/TinyTeX/texmf-var/fonts/pk/ljfour/jknappen/ec/ecrm1000.600pk> </Users/theresaszczepanski/Library/TinyTeX/texmf-var/fonts/pk/ljfour/jknappen/ec/ecrm0700.600pk> </Users/theresaszczepanski/Library/TinyTeX/texmf-var/fonts/pk/ljfour/jknappen/ec/ecrm0800.600pk> </Users/theresaszczepanski/Library/TinyTeX/texmf-var/fonts/pk/ljfour/jknappen/ec/ecbx1440.600pk> </Users/theresaszczepanski/Library/TinyTeX/texmf-var/fonts/pk/ljfour/jknappen/ec/ecbx1728.600pk> </Users/theresaszczepanski/Library/TinyTeX/texmf-var/fonts/pk/ljfour/jknappen/ec/ecrm1200.600pk> </Users/theresaszczepanski/Library/TinyTeX/texmf-var/fonts/pk/ljfour/jknappen/ec/ecrm1095.600pk> </Users/theresaszczepanski/Library/TinyTeX/texmf-var/fonts/pk/ljfour/jknappen/ec/ecbx1095.600pk> </Users/theresaszczepanski/Library/TinyTeX/texmf-var/fonts/pk/ljfour/jknappen/ec/ectt1440.600pk> </Users/theresaszczepanski/Library/TinyTeX/texmf-var/fonts/pk/ljfour/jknappen/ec/ecrm1440.600pk> </Users/theresaszczepanski/Library/TinyTeX/texmf-var/fonts/pk/ljfour/jknappen/ec/ecrm2074.600pk>
Output written on draft_paper.pdf (5 pages, 474377 bytes).
PDF statistics:
 300 PDF objects out of 1000 (max. 8388607)
 77 compressed objects within 1 object stream
 0 named destinations out of 1000 (max. 500000)
 25 words of extra memory for PDF output out of 10000 (max. 10000000)

